<?xml version="1.0" encoding="UTF-8"?>
<testng-results skipped="0" failed="0" total="1" passed="1">
  <reporter-output>
  </reporter-output>
  <suite name="Default suite" duration-ms="35053" started-at="2016-09-02T20:09:14Z" finished-at="2016-09-02T20:09:49Z">
    <groups>
    </groups>
    <test name="Default test" duration-ms="35053" started-at="2016-09-02T20:09:14Z" finished-at="2016-09-02T20:09:49Z">
      <class name="com.demo.testcases.TestRunner">
        <test-method status="PASS" signature="setUp()[pri:0, instance:com.demo.testcases.TestRunner@309e345f]" name="setUp" is-config="true" duration-ms="5951" started-at="2016-09-02T21:09:14Z" finished-at="2016-09-02T21:09:20Z">
          <reporter-output>
          </reporter-output>
        </test-method> <!-- setUp -->
        <test-method status="PASS" signature="classInit()[pri:0, instance:com.demo.testcases.TestRunner@309e345f]" name="classInit" is-config="true" duration-ms="131" started-at="2016-09-02T21:09:20Z" finished-at="2016-09-02T21:09:20Z">
          <reporter-output>
          </reporter-output>
        </test-method> <!-- classInit -->
        <test-method status="PASS" signature="Test1(java.util.Hashtable)[pri:0, instance:com.demo.testcases.TestRunner@309e345f]" name="Test1" duration-ms="28574" started-at="2016-09-02T21:09:20Z" data-provider="getData" finished-at="2016-09-02T21:09:49Z">
          <params>
            <param index="0">
              <value>
                <![CDATA[{TelephoneNo=07506204602, Fullname=Mohamed Asruf, HouseNumber=87B, Postcode=DA14 4JB, Runmode=Y, Email=asrufsmiles@gmail.com}]]>
              </value>
            </param>
          </params>
          <reporter-output>
          </reporter-output>
        </test-method> <!-- Test1 -->
        <test-method status="PASS" signature="classQuit()[pri:0, instance:com.demo.testcases.TestRunner@309e345f]" name="classQuit" is-config="true" duration-ms="0" started-at="2016-09-02T21:09:49Z" finished-at="2016-09-02T21:09:49Z">
          <reporter-output>
          </reporter-output>
        </test-method> <!-- classQuit -->
        <test-method status="PASS" signature="tearDown()[pri:0, instance:com.demo.testcases.TestRunner@309e345f]" name="tearDown" is-config="true" duration-ms="239" started-at="2016-09-02T21:09:49Z" finished-at="2016-09-02T21:09:49Z">
          <reporter-output>
          </reporter-output>
        </test-method> <!-- tearDown -->
      </class> <!-- com.demo.testcases.TestRunner -->
    </test> <!-- Default test -->
  </suite> <!-- Default suite -->
</testng-results>
